This is pdfTeX, Version 3.1415926-2.5-1.40.14 (TeX Live 2013/Debian) (format=pdflatex 2016.4.18)  25 APR 2016 16:09
entering extended mode
 restricted \write18 enabled.
 %&-line parsing enabled.
**report.tex
(./report.tex
LaTeX2e <2011/06/27>
Babel <3.9h> and hyphenation patterns for 28 languages loaded.
(/usr/share/texlive/texmf-dist/tex/latex/base/book.cls
Document Class: book 2007/10/19 v1.4h Standard LaTeX document class
(/usr/share/texlive/texmf-dist/tex/latex/base/bk10.clo
File: bk10.clo 2007/10/19 v1.4h Standard LaTeX file (size option)
)
\c@part=\count79
\c@chapter=\count80
\c@section=\count81
\c@subsection=\count82
\c@subsubsection=\count83
\c@paragraph=\count84
\c@subparagraph=\count85
\c@figure=\count86
\c@table=\count87
\abovecaptionskip=\skip41
\belowcaptionskip=\skip42
\bibindent=\dimen102
)
(/usr/share/texlive/texmf-dist/tex/latex/base/inputenc.sty
Package: inputenc 2008/03/30 v1.1d Input encoding file
\inpenc@prehook=\toks14
\inpenc@posthook=\toks15

(/usr/share/texlive/texmf-dist/tex/latex/base/utf8.def
File: utf8.def 2008/04/05 v1.1m UTF-8 support for inputenc
Now handling font encoding OML ...
... no UTF-8 mapping file for font encoding OML
Now handling font encoding T1 ...
... processing UTF-8 mapping file for font encoding T1

(/usr/share/texlive/texmf-dist/tex/latex/base/t1enc.dfu
File: t1enc.dfu 2008/04/05 v1.1m UTF-8 support for inputenc
   defining Unicode char U+00A1 (decimal 161)
   defining Unicode char U+00A3 (decimal 163)
   defining Unicode char U+00AB (decimal 171)
   defining Unicode char U+00BB (decimal 187)
   defining Unicode char U+00BF (decimal 191)
   defining Unicode char U+00C0 (decimal 192)
   defining Unicode char U+00C1 (decimal 193)
   defining Unicode char U+00C2 (decimal 194)
   defining Unicode char U+00C3 (decimal 195)
   defining Unicode char U+00C4 (decimal 196)
   defining Unicode char U+00C5 (decimal 197)
   defining Unicode char U+00C6 (decimal 198)
   defining Unicode char U+00C7 (decimal 199)
   defining Unicode char U+00C8 (decimal 200)
   defining Unicode char U+00C9 (decimal 201)
   defining Unicode char U+00CA (decimal 202)
   defining Unicode char U+00CB (decimal 203)
   defining Unicode char U+00CC (decimal 204)
   defining Unicode char U+00CD (decimal 205)
   defining Unicode char U+00CE (decimal 206)
   defining Unicode char U+00CF (decimal 207)
   defining Unicode char U+00D0 (decimal 208)
   defining Unicode char U+00D1 (decimal 209)
   defining Unicode char U+00D2 (decimal 210)
   defining Unicode char U+00D3 (decimal 211)
   defining Unicode char U+00D4 (decimal 212)
   defining Unicode char U+00D5 (decimal 213)
   defining Unicode char U+00D6 (decimal 214)
   defining Unicode char U+00D8 (decimal 216)
   defining Unicode char U+00D9 (decimal 217)
   defining Unicode char U+00DA (decimal 218)
   defining Unicode char U+00DB (decimal 219)
   defining Unicode char U+00DC (decimal 220)
   defining Unicode char U+00DD (decimal 221)
   defining Unicode char U+00DE (decimal 222)
   defining Unicode char U+00DF (decimal 223)
   defining Unicode char U+00E0 (decimal 224)
   defining Unicode char U+00E1 (decimal 225)
   defining Unicode char U+00E2 (decimal 226)
   defining Unicode char U+00E3 (decimal 227)
   defining Unicode char U+00E4 (decimal 228)
   defining Unicode char U+00E5 (decimal 229)
   defining Unicode char U+00E6 (decimal 230)
   defining Unicode char U+00E7 (decimal 231)
   defining Unicode char U+00E8 (decimal 232)
   defining Unicode char U+00E9 (decimal 233)
   defining Unicode char U+00EA (decimal 234)
   defining Unicode char U+00EB (decimal 235)
   defining Unicode char U+00EC (decimal 236)
   defining Unicode char U+00ED (decimal 237)
   defining Unicode char U+00EE (decimal 238)
   defining Unicode char U+00EF (decimal 239)
   defining Unicode char U+00F0 (decimal 240)
   defining Unicode char U+00F1 (decimal 241)
   defining Unicode char U+00F2 (decimal 242)
   defining Unicode char U+00F3 (decimal 243)
   defining Unicode char U+00F4 (decimal 244)
   defining Unicode char U+00F5 (decimal 245)
   defining Unicode char U+00F6 (decimal 246)
   defining Unicode char U+00F8 (decimal 248)
   defining Unicode char U+00F9 (decimal 249)
   defining Unicode char U+00FA (decimal 250)
   defining Unicode char U+00FB (decimal 251)
   defining Unicode char U+00FC (decimal 252)
   defining Unicode char U+00FD (decimal 253)
   defining Unicode char U+00FE (decimal 254)
   defining Unicode char U+00FF (decimal 255)
   defining Unicode char U+0102 (decimal 258)
   defining Unicode char U+0103 (decimal 259)
   defining Unicode char U+0104 (decimal 260)
   defining Unicode char U+0105 (decimal 261)
   defining Unicode char U+0106 (decimal 262)
   defining Unicode char U+0107 (decimal 263)
   defining Unicode char U+010C (decimal 268)
   defining Unicode char U+010D (decimal 269)
   defining Unicode char U+010E (decimal 270)
   defining Unicode char U+010F (decimal 271)
   defining Unicode char U+0110 (decimal 272)
   defining Unicode char U+0111 (decimal 273)
   defining Unicode char U+0118 (decimal 280)
   defining Unicode char U+0119 (decimal 281)
   defining Unicode char U+011A (decimal 282)
   defining Unicode char U+011B (decimal 283)
   defining Unicode char U+011E (decimal 286)
   defining Unicode char U+011F (decimal 287)
   defining Unicode char U+0130 (decimal 304)
   defining Unicode char U+0131 (decimal 305)
   defining Unicode char U+0132 (decimal 306)
   defining Unicode char U+0133 (decimal 307)
   defining Unicode char U+0139 (decimal 313)
   defining Unicode char U+013A (decimal 314)
   defining Unicode char U+013D (decimal 317)
   defining Unicode char U+013E (decimal 318)
   defining Unicode char U+0141 (decimal 321)
   defining Unicode char U+0142 (decimal 322)
   defining Unicode char U+0143 (decimal 323)
   defining Unicode char U+0144 (decimal 324)
   defining Unicode char U+0147 (decimal 327)
   defining Unicode char U+0148 (decimal 328)
   defining Unicode char U+014A (decimal 330)
   defining Unicode char U+014B (decimal 331)
   defining Unicode char U+0150 (decimal 336)
   defining Unicode char U+0151 (decimal 337)
   defining Unicode char U+0152 (decimal 338)
   defining Unicode char U+0153 (decimal 339)
   defining Unicode char U+0154 (decimal 340)
   defining Unicode char U+0155 (decimal 341)
   defining Unicode char U+0158 (decimal 344)
   defining Unicode char U+0159 (decimal 345)
   defining Unicode char U+015A (decimal 346)
   defining Unicode char U+015B (decimal 347)
   defining Unicode char U+015E (decimal 350)
   defining Unicode char U+015F (decimal 351)
   defining Unicode char U+0160 (decimal 352)
   defining Unicode char U+0161 (decimal 353)
   defining Unicode char U+0162 (decimal 354)
   defining Unicode char U+0163 (decimal 355)
   defining Unicode char U+0164 (decimal 356)
   defining Unicode char U+0165 (decimal 357)
   defining Unicode char U+016E (decimal 366)
   defining Unicode char U+016F (decimal 367)
   defining Unicode char U+0170 (decimal 368)
   defining Unicode char U+0171 (decimal 369)
   defining Unicode char U+0178 (decimal 376)
   defining Unicode char U+0179 (decimal 377)
   defining Unicode char U+017A (decimal 378)
   defining Unicode char U+017B (decimal 379)
   defining Unicode char U+017C (decimal 380)
   defining Unicode char U+017D (decimal 381)
   defining Unicode char U+017E (decimal 382)
   defining Unicode char U+200C (decimal 8204)
   defining Unicode char U+2013 (decimal 8211)
   defining Unicode char U+2014 (decimal 8212)
   defining Unicode char U+2018 (decimal 8216)
   defining Unicode char U+2019 (decimal 8217)
   defining Unicode char U+201A (decimal 8218)
   defining Unicode char U+201C (decimal 8220)
   defining Unicode char U+201D (decimal 8221)
   defining Unicode char U+201E (decimal 8222)
   defining Unicode char U+2030 (decimal 8240)
   defining Unicode char U+2031 (decimal 8241)
   defining Unicode char U+2039 (decimal 8249)
   defining Unicode char U+203A (decimal 8250)
   defining Unicode char U+2423 (decimal 9251)
)
Now handling font encoding OT1 ...
... processing UTF-8 mapping file for font encoding OT1

(/usr/share/texlive/texmf-dist/tex/latex/base/ot1enc.dfu
File: ot1enc.dfu 2008/04/05 v1.1m UTF-8 support for inputenc
   defining Unicode char U+00A1 (decimal 161)
   defining Unicode char U+00A3 (decimal 163)
   defining Unicode char U+00B8 (decimal 184)
   defining Unicode char U+00BF (decimal 191)
   defining Unicode char U+00C5 (decimal 197)
   defining Unicode char U+00C6 (decimal 198)
   defining Unicode char U+00D8 (decimal 216)
   defining Unicode char U+00DF (decimal 223)
   defining Unicode char U+00E6 (decimal 230)
   defining Unicode char U+00EC (decimal 236)
   defining Unicode char U+00ED (decimal 237)
   defining Unicode char U+00EE (decimal 238)
   defining Unicode char U+00EF (decimal 239)
   defining Unicode char U+00F8 (decimal 248)
   defining Unicode char U+0131 (decimal 305)
   defining Unicode char U+0141 (decimal 321)
   defining Unicode char U+0142 (decimal 322)
   defining Unicode char U+0152 (decimal 338)
   defining Unicode char U+0153 (decimal 339)
   defining Unicode char U+2013 (decimal 8211)
   defining Unicode char U+2014 (decimal 8212)
   defining Unicode char U+2018 (decimal 8216)
   defining Unicode char U+2019 (decimal 8217)
   defining Unicode char U+201C (decimal 8220)
   defining Unicode char U+201D (decimal 8221)
)
Now handling font encoding OMS ...
... processing UTF-8 mapping file for font encoding OMS

(/usr/share/texlive/texmf-dist/tex/latex/base/omsenc.dfu
File: omsenc.dfu 2008/04/05 v1.1m UTF-8 support for inputenc
   defining Unicode char U+00A7 (decimal 167)
   defining Unicode char U+00B6 (decimal 182)
   defining Unicode char U+00B7 (decimal 183)
   defining Unicode char U+2020 (decimal 8224)
   defining Unicode char U+2021 (decimal 8225)
   defining Unicode char U+2022 (decimal 8226)
)
Now handling font encoding OMX ...
... no UTF-8 mapping file for font encoding OMX
Now handling font encoding U ...
... no UTF-8 mapping file for font encoding U
   defining Unicode char U+00A9 (decimal 169)
   defining Unicode char U+00AA (decimal 170)
   defining Unicode char U+00AE (decimal 174)
   defining Unicode char U+00BA (decimal 186)
   defining Unicode char U+02C6 (decimal 710)
   defining Unicode char U+02DC (decimal 732)
   defining Unicode char U+200C (decimal 8204)
   defining Unicode char U+2026 (decimal 8230)
   defining Unicode char U+2122 (decimal 8482)
   defining Unicode char U+2423 (decimal 9251)
))
(/usr/share/texlive/texmf-dist/tex/latex/base/fontenc.sty
Package: fontenc 2005/09/27 v1.99g Standard LaTeX package

(/usr/share/texlive/texmf-dist/tex/latex/base/t1enc.def
File: t1enc.def 2005/09/27 v1.99g Standard LaTeX file
LaTeX Font Info:    Redeclaring font encoding T1 on input line 43.
))
(/usr/share/texlive/texmf-dist/tex/generic/babel/babel.sty
Package: babel 2013/12/03 3.9h The Babel package

(/usr/share/texlive/texmf-dist/tex/generic/babel-french/frenchb.ldf
Language: frenchb 2013/12/30 v2.6g French support from the babel system

(/usr/share/texlive/texmf-dist/tex/generic/babel/babel.def
File: babel.def 2013/12/03 3.9h Babel common definitions
\babel@savecnt=\count88
\U@D=\dimen103
)
\FB@interchartokenstateORI=\count89
Package babel Info: Making : an active character on input line 244.
Package babel Info: Making ; an active character on input line 245.
Package babel Info: Making ! an active character on input line 246.
Package babel Info: Making ? an active character on input line 247.
\FB@Mht=\dimen104
\std@mcc=\count90
\dec@mcc=\count91
\listindentFB=\skip43
\labelwidthFB=\skip44
\leftmarginFB=\skip45
\parindentFFN=\dimen105
))
(/usr/share/texlive/texmf-dist/tex/latex/carlisle/scalefnt.sty)
(/usr/share/texlive/texmf-dist/tex/latex/graphics/keyval.sty
Package: keyval 1999/03/16 v1.13 key=value parser (DPC)
\KV@toks@=\toks16
)
(/usr/share/texlive/texmf-dist/tex/latex/graphics/graphicx.sty
Package: graphicx 1999/02/16 v1.0f Enhanced LaTeX Graphics (DPC,SPQR)

(/usr/share/texlive/texmf-dist/tex/latex/graphics/graphics.sty
Package: graphics 2009/02/05 v1.0o Standard LaTeX Graphics (DPC,SPQR)

(/usr/share/texlive/texmf-dist/tex/latex/graphics/trig.sty
Package: trig 1999/03/16 v1.09 sin cos tan (DPC)
)
(/usr/share/texlive/texmf-dist/tex/latex/latexconfig/graphics.cfg
File: graphics.cfg 2010/04/23 v1.9 graphics configuration of TeX Live
)
Package graphics Info: Driver file: pdftex.def on input line 91.

(/usr/share/texlive/texmf-dist/tex/latex/pdftex-def/pdftex.def
File: pdftex.def 2011/05/27 v0.06d Graphics/color for pdfTeX

(/usr/share/texlive/texmf-dist/tex/generic/oberdiek/infwarerr.sty
Package: infwarerr 2010/04/08 v1.3 Providing info/warning/error messages (HO)
)
(/usr/share/texlive/texmf-dist/tex/generic/oberdiek/ltxcmds.sty
Package: ltxcmds 2011/11/09 v1.22 LaTeX kernel commands for general use (HO)
)
\Gread@gobject=\count92
))
\Gin@req@height=\dimen106
\Gin@req@width=\dimen107
)
(/usr/share/texlive/texmf-dist/tex/latex/fancyref/fancyref.sty
Package: fancyref 1999/02/03 v0.9c Fancy cross-referencing

(/usr/share/texlive/texmf-dist/tex/latex/tools/varioref.sty
Package: varioref 2011/10/02 v1.4z package for extended references (FMi)
\c@vrcnt=\count93
))
(/usr/share/texlive/texmf-dist/tex/latex/hyperref/hyperref.sty
Package: hyperref 2012/11/06 v6.83m Hypertext links for LaTeX

(/usr/share/texlive/texmf-dist/tex/generic/oberdiek/hobsub-hyperref.sty
Package: hobsub-hyperref 2012/05/28 v1.13 Bundle oberdiek, subset hyperref (HO)


(/usr/share/texlive/texmf-dist/tex/generic/oberdiek/hobsub-generic.sty
Package: hobsub-generic 2012/05/28 v1.13 Bundle oberdiek, subset generic (HO)
Package: hobsub 2012/05/28 v1.13 Construct package bundles (HO)
Package hobsub Info: Skipping package `infwarerr' (already loaded).
Package hobsub Info: Skipping package `ltxcmds' (already loaded).
Package: ifluatex 2010/03/01 v1.3 Provides the ifluatex switch (HO)
Package ifluatex Info: LuaTeX not detected.
Package: ifvtex 2010/03/01 v1.5 Detect VTeX and its facilities (HO)
Package ifvtex Info: VTeX not detected.
Package: intcalc 2007/09/27 v1.1 Expandable calculations with integers (HO)
Package: ifpdf 2011/01/30 v2.3 Provides the ifpdf switch (HO)
Package ifpdf Info: pdfTeX in PDF mode is detected.
Package: etexcmds 2011/02/16 v1.5 Avoid name clashes with e-TeX commands (HO)
Package etexcmds Info: Could not find \expanded.
(etexcmds)             That can mean that you are not using pdfTeX 1.50 or
(etexcmds)             that some package has redefined \expanded.
(etexcmds)             In the latter case, load this package earlier.
Package: kvsetkeys 2012/04/25 v1.16 Key value parser (HO)
Package: kvdefinekeys 2011/04/07 v1.3 Define keys (HO)
Package: pdftexcmds 2011/11/29 v0.20 Utility functions of pdfTeX for LuaTeX (HO
)
Package pdftexcmds Info: LuaTeX not detected.
Package pdftexcmds Info: \pdf@primitive is available.
Package pdftexcmds Info: \pdf@ifprimitive is available.
Package pdftexcmds Info: \pdfdraftmode found.
Package: pdfescape 2011/11/25 v1.13 Implements pdfTeX's escape features (HO)
Package: bigintcalc 2012/04/08 v1.3 Expandable calculations on big integers (HO
)
Package: bitset 2011/01/30 v1.1 Handle bit-vector datatype (HO)
Package: uniquecounter 2011/01/30 v1.2 Provide unlimited unique counter (HO)
)
Package hobsub Info: Skipping package `hobsub' (already loaded).
Package: letltxmacro 2010/09/02 v1.4 Let assignment for LaTeX macros (HO)
Package: hopatch 2012/05/28 v1.2 Wrapper for package hooks (HO)
Package: xcolor-patch 2011/01/30 xcolor patch
Package: atveryend 2011/06/30 v1.8 Hooks at the very end of document (HO)
Package atveryend Info: \enddocument detected (standard20110627).
Package: atbegshi 2011/10/05 v1.16 At begin shipout hook (HO)
Package: refcount 2011/10/16 v3.4 Data extraction from label references (HO)
Package: hycolor 2011/01/30 v1.7 Color options for hyperref/bookmark (HO)
)
(/usr/share/texlive/texmf-dist/tex/generic/ifxetex/ifxetex.sty
Package: ifxetex 2010/09/12 v0.6 Provides ifxetex conditional
)
(/usr/share/texlive/texmf-dist/tex/latex/oberdiek/auxhook.sty
Package: auxhook 2011/03/04 v1.3 Hooks for auxiliary files (HO)
)
(/usr/share/texlive/texmf-dist/tex/latex/oberdiek/kvoptions.sty
Package: kvoptions 2011/06/30 v3.11 Key value format for package options (HO)
)
\@linkdim=\dimen108
\Hy@linkcounter=\count94
\Hy@pagecounter=\count95

(/usr/share/texlive/texmf-dist/tex/latex/hyperref/pd1enc.def
File: pd1enc.def 2012/11/06 v6.83m Hyperref: PDFDocEncoding definition (HO)
Now handling font encoding PD1 ...
... no UTF-8 mapping file for font encoding PD1
)
\Hy@SavedSpaceFactor=\count96

(/usr/share/texlive/texmf-dist/tex/latex/latexconfig/hyperref.cfg
File: hyperref.cfg 2002/06/06 v1.2 hyperref configuration of TeXLive
)
Package hyperref Info: Hyper figures OFF on input line 4443.
Package hyperref Info: Link nesting OFF on input line 4448.
Package hyperref Info: Hyper index ON on input line 4451.
Package hyperref Info: Plain pages OFF on input line 4458.
Package hyperref Info: Backreferencing OFF on input line 4463.
Package hyperref Info: Implicit mode ON; LaTeX internals redefined.
Package hyperref Info: Bookmarks ON on input line 4688.
\c@Hy@tempcnt=\count97

(/usr/share/texlive/texmf-dist/tex/latex/url/url.sty
\Urlmuskip=\muskip10
Package: url 2013/09/16  ver 3.4  Verb mode for urls, etc.
)
LaTeX Info: Redefining \url on input line 5041.
\XeTeXLinkMargin=\dimen109
\Fld@menulength=\count98
\Field@Width=\dimen110
\Fld@charsize=\dimen111
Package hyperref Info: Hyper figures OFF on input line 6295.
Package hyperref Info: Link nesting OFF on input line 6300.
Package hyperref Info: Hyper index ON on input line 6303.
Package hyperref Info: backreferencing OFF on input line 6310.
Package hyperref Info: Link coloring OFF on input line 6315.
Package hyperref Info: Link coloring with OCG OFF on input line 6320.
Package hyperref Info: PDF/A mode OFF on input line 6325.
LaTeX Info: Redefining \ref on input line 6365.
LaTeX Info: Redefining \pageref on input line 6369.
\Hy@abspage=\count99
\c@Item=\count100
\c@Hfootnote=\count101
)

Package hyperref Message: Driver (autodetected): hpdftex.

(/usr/share/texlive/texmf-dist/tex/latex/hyperref/hpdftex.def
File: hpdftex.def 2012/11/06 v6.83m Hyperref driver for pdfTeX
\Fld@listcount=\count102
\c@bookmark@seq@number=\count103

(/usr/share/texlive/texmf-dist/tex/latex/oberdiek/rerunfilecheck.sty
Package: rerunfilecheck 2011/04/15 v1.7 Rerun checks for auxiliary files (HO)
Package uniquecounter Info: New unique counter `rerunfilecheck' on input line 2
82.
)
\Hy@SectionHShift=\skip46
)
(./report.aux)
\openout1 = `report.aux'.

LaTeX Font Info:    Checking defaults for OML/cmm/m/it on input line 16.
LaTeX Font Info:    ... okay on input line 16.
LaTeX Font Info:    Checking defaults for T1/cmr/m/n on input line 16.
LaTeX Font Info:    ... okay on input line 16.
LaTeX Font Info:    Checking defaults for OT1/cmr/m/n on input line 16.
LaTeX Font Info:    ... okay on input line 16.
LaTeX Font Info:    Checking defaults for OMS/cmsy/m/n on input line 16.
LaTeX Font Info:    ... okay on input line 16.
LaTeX Font Info:    Checking defaults for OMX/cmex/m/n on input line 16.
LaTeX Font Info:    ... okay on input line 16.
LaTeX Font Info:    Checking defaults for U/cmr/m/n on input line 16.
LaTeX Font Info:    ... okay on input line 16.
LaTeX Font Info:    Checking defaults for PD1/pdf/m/n on input line 16.
LaTeX Font Info:    ... okay on input line 16.
LaTeX Info: Redefining \degres on input line 16.
LaTeX Info: Redefining \dots on input line 16.
LaTeX Info: Redefining \up on input line 16.
 (/usr/share/texlive/texmf-dist/tex/context/base/supp-pdf.mkii
[Loading MPS to PDF converter (version 2006.09.02).]
\scratchcounter=\count104
\scratchdimen=\dimen112
\scratchbox=\box26
\nofMPsegments=\count105
\nofMParguments=\count106
\everyMPshowfont=\toks17
\MPscratchCnt=\count107
\MPscratchDim=\dimen113
\MPnumerator=\count108
\makeMPintoPDFobject=\count109
\everyMPtoPDFconversion=\toks18
) (/usr/share/texlive/texmf-dist/tex/latex/oberdiek/epstopdf-base.sty
Package: epstopdf-base 2010/02/09 v2.5 Base part for package epstopdf

(/usr/share/texlive/texmf-dist/tex/latex/oberdiek/grfext.sty
Package: grfext 2010/08/19 v1.1 Manage graphics extensions (HO)
)
Package grfext Info: Graphics extension search list:
(grfext)             [.png,.pdf,.jpg,.mps,.jpeg,.jbig2,.jb2,.PNG,.PDF,.JPG,.JPE
G,.JBIG2,.JB2,.eps]
(grfext)             \AppendGraphicsExtensions on input line 452.

(/usr/share/texlive/texmf-dist/tex/latex/latexconfig/epstopdf-sys.cfg
File: epstopdf-sys.cfg 2010/07/13 v1.3 Configuration of (r)epstopdf for TeX Liv
e
))
\AtBeginShipoutBox=\box27
Package hyperref Info: Link coloring OFF on input line 16.

(/usr/share/texlive/texmf-dist/tex/latex/hyperref/nameref.sty
Package: nameref 2012/10/27 v2.43 Cross-referencing by name of section

(/usr/share/texlive/texmf-dist/tex/generic/oberdiek/gettitlestring.sty
Package: gettitlestring 2010/12/03 v1.4 Cleanup title references (HO)
)
\c@section@level=\count110
LaTeX Info: Redefining \Ref on input line 513.
)
LaTeX Info: Redefining \ref on input line 16.
LaTeX Info: Redefining \pageref on input line 16.
LaTeX Info: Redefining \nameref on input line 16.

(./report.out) (./report.out)
\@outlinefile=\write3
\openout3 = `report.out'.

LaTeX Info: Redefining \Ref on input line 16.
LaTeX Font Info:    External font `cmex10' loaded for size
(Font)              <12> on input line 19.
LaTeX Font Info:    External font `cmex10' loaded for size
(Font)              <8> on input line 19.
LaTeX Font Info:    External font `cmex10' loaded for size
(Font)              <6> on input line 19.
 [1


{/var/lib/texmf/fonts/map/pdftex/updmap/pdftex.map}] [2

] (./report.toc
LaTeX Font Info:    External font `cmex10' loaded for size
(Font)              <7> on input line 4.
LaTeX Font Info:    External font `cmex10' loaded for size
(Font)              <5> on input line 4.
)
\tf@toc=\write4
\openout4 = `report.toc'.

 [3] [4

] [1

] [2

]
Chapitre 1.

Underfull \hbox (badness 10000) in paragraph at lines 33--36

 []


Underfull \hbox (badness 10000) in paragraph at lines 48--49

 []

pdfTeX warning (ext4): destination with the same identifier (name{page.1}) has 
been already used, duplicate ignored
<to be read again> 
                   \relax 
l.86 \clearpage
                [1

]pdfTeX warning (ext4): destination with the same identifier (name{page.2}) has
 been already used, duplicate ignored
<to be read again> 
                   \relax 
l.86 \clearpage
                [2]
<../data/frames/00000089.jpg, id=132, 321.2pt x 243.43579pt>
File: ../data/frames/00000089.jpg Graphic file (type jpg)

<use ../data/frames/00000089.jpg>
Package pdftex.def Info: ../data/frames/00000089.jpg used on input line 94.
(pdftex.def)             Requested size: 96.36073pt x 73.0313pt.

<../data/frames/00000159.jpg, id=133, 321.2pt x 243.43579pt>
File: ../data/frames/00000159.jpg Graphic file (type jpg)

<use ../data/frames/00000159.jpg>
Package pdftex.def Info: ../data/frames/00000159.jpg used on input line 95.
(pdftex.def)             Requested size: 96.36073pt x 73.0313pt.

<../data/frames/00000176.jpg, id=134, 321.2pt x 243.43579pt>
File: ../data/frames/00000176.jpg Graphic file (type jpg)

<use ../data/frames/00000176.jpg>
Package pdftex.def Info: ../data/frames/00000176.jpg used on input line 96.
(pdftex.def)             Requested size: 96.36073pt x 73.0313pt.

<../data/frames/00000105.jpg, id=135, 321.2pt x 243.43579pt>
File: ../data/frames/00000105.jpg Graphic file (type jpg)

<use ../data/frames/00000105.jpg>
Package pdftex.def Info: ../data/frames/00000105.jpg used on input line 104.
(pdftex.def)             Requested size: 96.36073pt x 73.0313pt.

<../data/frames/00000106.jpg, id=136, 321.2pt x 243.43579pt>
File: ../data/frames/00000106.jpg Graphic file (type jpg)

<use ../data/frames/00000106.jpg>
Package pdftex.def Info: ../data/frames/00000106.jpg used on input line 105.
(pdftex.def)             Requested size: 96.36073pt x 73.0313pt.

<../data/frames/00000107.jpg, id=137, 321.2pt x 243.43579pt>
File: ../data/frames/00000107.jpg Graphic file (type jpg)

<use ../data/frames/00000107.jpg>
Package pdftex.def Info: ../data/frames/00000107.jpg used on input line 106.
(pdftex.def)             Requested size: 96.36073pt x 73.0313pt.

<../data/frames/00000147.jpg, id=138, 321.2pt x 243.43579pt>
File: ../data/frames/00000147.jpg Graphic file (type jpg)

<use ../data/frames/00000147.jpg>
Package pdftex.def Info: ../data/frames/00000147.jpg used on input line 114.
(pdftex.def)             Requested size: 96.36073pt x 73.0313pt.

<../data/frames/00000148.jpg, id=139, 321.2pt x 243.43579pt>
File: ../data/frames/00000148.jpg Graphic file (type jpg)

<use ../data/frames/00000148.jpg>
Package pdftex.def Info: ../data/frames/00000148.jpg used on input line 115.
(pdftex.def)             Requested size: 96.36073pt x 73.0313pt.

<../data/frames/00000149.jpg, id=140, 321.2pt x 243.43579pt>
File: ../data/frames/00000149.jpg Graphic file (type jpg)

<use ../data/frames/00000149.jpg>
Package pdftex.def Info: ../data/frames/00000149.jpg used on input line 116.
(pdftex.def)             Requested size: 96.36073pt x 73.0313pt.

<../data/frames/00000165.jpg, id=141, 321.2pt x 243.43579pt>
File: ../data/frames/00000165.jpg Graphic file (type jpg)

<use ../data/frames/00000165.jpg>
Package pdftex.def Info: ../data/frames/00000165.jpg used on input line 124.
(pdftex.def)             Requested size: 96.36073pt x 73.0313pt.

<../data/frames/00000166.jpg, id=142, 321.2pt x 243.43579pt>
File: ../data/frames/00000166.jpg Graphic file (type jpg)

<use ../data/frames/00000166.jpg>
Package pdftex.def Info: ../data/frames/00000166.jpg used on input line 125.
(pdftex.def)             Requested size: 96.36073pt x 73.0313pt.

<../data/frames/00000167.jpg, id=143, 321.2pt x 243.43579pt>
File: ../data/frames/00000167.jpg Graphic file (type jpg)

<use ../data/frames/00000167.jpg>
Package pdftex.def Info: ../data/frames/00000167.jpg used on input line 126.
(pdftex.def)             Requested size: 96.36073pt x 73.0313pt.

<../data/frames/00000288.jpg, id=144, 321.2pt x 243.43579pt>
File: ../data/frames/00000288.jpg Graphic file (type jpg)

<use ../data/frames/00000288.jpg>
Package pdftex.def Info: ../data/frames/00000288.jpg used on input line 134.
(pdftex.def)             Requested size: 96.36073pt x 73.0313pt.

<../data/frames/00000289.jpg, id=145, 321.2pt x 243.43579pt>
File: ../data/frames/00000289.jpg Graphic file (type jpg)

<use ../data/frames/00000289.jpg>
Package pdftex.def Info: ../data/frames/00000289.jpg used on input line 135.
(pdftex.def)             Requested size: 96.36073pt x 73.0313pt.

<../data/frames/00000290.jpg, id=146, 321.2pt x 243.43579pt>
File: ../data/frames/00000290.jpg Graphic file (type jpg)

<use ../data/frames/00000290.jpg>
Package pdftex.def Info: ../data/frames/00000290.jpg used on input line 136.
(pdftex.def)             Requested size: 96.36073pt x 73.0313pt.

<../data/frames/00000179.jpg, id=147, 321.2pt x 243.43579pt>
File: ../data/frames/00000179.jpg Graphic file (type jpg)

<use ../data/frames/00000179.jpg>
Package pdftex.def Info: ../data/frames/00000179.jpg used on input line 144.
(pdftex.def)             Requested size: 96.36073pt x 73.0313pt.

<../data/frames/00000203.jpg, id=148, 321.2pt x 243.43579pt>
File: ../data/frames/00000203.jpg Graphic file (type jpg)

<use ../data/frames/00000203.jpg>
Package pdftex.def Info: ../data/frames/00000203.jpg used on input line 145.
(pdftex.def)             Requested size: 96.36073pt x 73.0313pt.

<../data/frames/00000239.jpg, id=149, 321.2pt x 243.43579pt>
File: ../data/frames/00000239.jpg Graphic file (type jpg)

<use ../data/frames/00000239.jpg>
Package pdftex.def Info: ../data/frames/00000239.jpg used on input line 146.
(pdftex.def)             Requested size: 96.36073pt x 73.0313pt.

<../data/frames/00000213.jpg, id=150, 321.2pt x 243.43579pt>
File: ../data/frames/00000213.jpg Graphic file (type jpg)

<use ../data/frames/00000213.jpg>
Package pdftex.def Info: ../data/frames/00000213.jpg used on input line 154.
(pdftex.def)             Requested size: 96.36073pt x 73.0313pt.

<../data/frames/00000251.jpg, id=151, 321.2pt x 243.43579pt>
File: ../data/frames/00000251.jpg Graphic file (type jpg)

<use ../data/frames/00000251.jpg>
Package pdftex.def Info: ../data/frames/00000251.jpg used on input line 155.
(pdftex.def)             Requested size: 96.36073pt x 73.0313pt.

<../data/frames/00000310.jpg, id=152, 321.2pt x 243.43579pt>
File: ../data/frames/00000310.jpg Graphic file (type jpg)

<use ../data/frames/00000310.jpg>
Package pdftex.def Info: ../data/frames/00000310.jpg used on input line 156.
(pdftex.def)             Requested size: 96.36073pt x 73.0313pt.

<../data/frames/00000013.jpg, id=153, 321.2pt x 243.43579pt>
File: ../data/frames/00000013.jpg Graphic file (type jpg)

<use ../data/frames/00000013.jpg>
Package pdftex.def Info: ../data/frames/00000013.jpg used on input line 164.
(pdftex.def)             Requested size: 96.36073pt x 73.0313pt.

<../data/frames/00000024.jpg, id=154, 321.2pt x 243.43579pt>
File: ../data/frames/00000024.jpg Graphic file (type jpg)

<use ../data/frames/00000024.jpg>
Package pdftex.def Info: ../data/frames/00000024.jpg used on input line 165.
(pdftex.def)             Requested size: 96.36073pt x 73.0313pt.

<../data/frames/00000041.jpg, id=155, 321.2pt x 243.43579pt>
File: ../data/frames/00000041.jpg Graphic file (type jpg)

<use ../data/frames/00000041.jpg>
Package pdftex.def Info: ../data/frames/00000041.jpg used on input line 166.
(pdftex.def)             Requested size: 96.36073pt x 73.0313pt.

<../data/frames/00002344.jpg, id=156, 321.2pt x 243.43579pt>
File: ../data/frames/00002344.jpg Graphic file (type jpg)

<use ../data/frames/00002344.jpg>
Package pdftex.def Info: ../data/frames/00002344.jpg used on input line 174.
(pdftex.def)             Requested size: 96.36073pt x 73.0313pt.

<../data/frames/00002348.jpg, id=157, 321.2pt x 243.43579pt>
File: ../data/frames/00002348.jpg Graphic file (type jpg)

<use ../data/frames/00002348.jpg>
Package pdftex.def Info: ../data/frames/00002348.jpg used on input line 175.
(pdftex.def)             Requested size: 96.36073pt x 73.0313pt.

<../data/frames/00002350.jpg, id=158, 321.2pt x 243.43579pt>
File: ../data/frames/00002350.jpg Graphic file (type jpg)

<use ../data/frames/00002350.jpg>
Package pdftex.def Info: ../data/frames/00002350.jpg used on input line 176.
(pdftex.def)             Requested size: 96.36073pt x 73.0313pt.

Underfull \hbox (badness 10000) in paragraph at lines 184--185

 []


Underfull \hbox (badness 10000) in paragraph at lines 187--188

 []


Underfull \hbox (badness 10000) in paragraph at lines 191--192

 []


Underfull \hbox (badness 10000) in paragraph at lines 195--196

 []


Underfull \hbox (badness 10000) in paragraph at lines 199--201

 []

File: ../data/frames/00000089.jpg Graphic file (type jpg)
<use ../data/frames/00000089.jpg>
Package pdftex.def Info: ../data/frames/00000089.jpg used on input line 204.
(pdftex.def)             Requested size: 64.23886pt x 48.6863pt.
File: ../data/frames/00000105.jpg Graphic file (type jpg)
 <use ../data/frames/00000105.jpg>
Package pdftex.def Info: ../data/frames/00000105.jpg used on input line 205.
(pdftex.def)             Requested size: 64.23886pt x 48.6863pt.
File: ../data/frames/00000147.jpg Graphic file (type jpg)

<use ../data/frames/00000147.jpg>
Package pdftex.def Info: ../data/frames/00000147.jpg used on input line 206.
(pdftex.def)             Requested size: 64.23886pt x 48.6863pt.
File: ../data/frames/00000165.jpg Graphic file (type jpg)
 <use ../data/frames/00000165.jpg>
Package pdftex.def Info: ../data/frames/00000165.jpg used on input line 207.
(pdftex.def)             Requested size: 64.23886pt x 48.6863pt.
File: ../data/frames/00000288.jpg Graphic file (type jpg)

<use ../data/frames/00000288.jpg>
Package pdftex.def Info: ../data/frames/00000288.jpg used on input line 208.
(pdftex.def)             Requested size: 64.23886pt x 48.6863pt.

<../data/frames/00000336.jpg, id=161, 321.2pt x 243.43579pt>
File: ../data/frames/00000336.jpg Graphic file (type jpg)

<use ../data/frames/00000336.jpg>
Package pdftex.def Info: ../data/frames/00000336.jpg used on input line 216.
(pdftex.def)             Requested size: 64.23886pt x 48.6863pt.

<../data/frames/00000394.jpg, id=162, 321.2pt x 243.43579pt>
File: ../data/frames/00000394.jpg Graphic file (type jpg)

<use ../data/frames/00000394.jpg>
Package pdftex.def Info: ../data/frames/00000394.jpg used on input line 217.
(pdftex.def)             Requested size: 64.23886pt x 48.6863pt.

<../data/frames/00000458.jpg, id=163, 321.2pt x 243.43579pt>
File: ../data/frames/00000458.jpg Graphic file (type jpg)

<use ../data/frames/00000458.jpg>
Package pdftex.def Info: ../data/frames/00000458.jpg used on input line 218.
(pdftex.def)             Requested size: 64.23886pt x 48.6863pt.

<../data/frames/00000474.jpg, id=164, 321.2pt x 243.43579pt>
File: ../data/frames/00000474.jpg Graphic file (type jpg)

<use ../data/frames/00000474.jpg>
Package pdftex.def Info: ../data/frames/00000474.jpg used on input line 219.
(pdftex.def)             Requested size: 64.23886pt x 48.6863pt.

<../data/frames/00000625.jpg, id=165, 321.2pt x 243.43579pt>
File: ../data/frames/00000625.jpg Graphic file (type jpg)

<use ../data/frames/00000625.jpg>
Package pdftex.def Info: ../data/frames/00000625.jpg used on input line 220.
(pdftex.def)             Requested size: 64.23886pt x 48.6863pt.
pdfTeX warning (ext4): destination with the same identifier (name{page.3}) has 
been already used, duplicate ignored
<to be read again> 
                   \relax 
l.229 \chapter
              {Extraction d'information} [3

]pdfTeX warning (ext4): destination with the same identifier (name{page.4}) has
 been already used, duplicate ignored
<to be read again> 
                   \relax 
l.229 \chapter
              {Extraction d'information} [4 <../data/frames/00000089.jpg> <../d
ata/frames/00000159.jpg> <../data/frames/00000176.jpg> <../data/frames/00000105
.jpg> <../data/frames/00000106.jpg> <../data/frames/00000107.jpg> <../data/fram
es/00000147.jpg> <../data/frames/00000148.jpg> <../data/frames/00000149.jpg> <.
./data/frames/00000165.jpg> <../data/frames/00000166.jpg> <../data/frames/00000
167.jpg>] [5 <../data/frames/00000288.jpg> <../data/frames/00000289.jpg> <../da
ta/frames/00000290.jpg> <../data/frames/00000179.jpg> <../data/frames/00000203.
jpg> <../data/frames/00000239.jpg> <../data/frames/00000213.jpg> <../data/frame
s/00000251.jpg> <../data/frames/00000310.jpg> <../data/frames/00000013.jpg> <..
/data/frames/00000024.jpg> <../data/frames/00000041.jpg>] [6 <../data/frames/00
002344.jpg> <../data/frames/00002348.jpg> <../data/frames/00002350.jpg> <../dat
a/frames/00000336.jpg> <../data/frames/00000394.jpg> <../data/frames/00000458.j
pg> <../data/frames/00000474.jpg> <../data/frames/00000625.jpg>]
Chapitre 2.
<hog.jpg, id=194, 563.85657pt x 217.5628pt>
File: hog.jpg Graphic file (type jpg)
 <use hog.jpg>
Package pdftex.def Info: hog.jpg used on input line 242.
(pdftex.def)             Requested size: 281.9276pt x 108.78113pt.

<hog_exemple.jpg, id=197, 321.2pt x 243.43579pt>
File: hog_exemple.jpg Graphic file (type jpg)
 <use hog_exemple.jpg>
Package pdftex.def Info: hog_exemple.jpg used on input line 255.
(pdftex.def)             Requested size: 96.36073pt x 73.0313pt.

<hog_exemple_contour.jpg, id=198, 321.2pt x 243.43579pt>
File: hog_exemple_contour.jpg Graphic file (type jpg)

<use hog_exemple_contour.jpg>
Package pdftex.def Info: hog_exemple_contour.jpg used on input line 256.
(pdftex.def)             Requested size: 96.36073pt x 73.0313pt.

<hog_exemple_gradient.jpg, id=199, 321.2pt x 243.43579pt>
File: hog_exemple_gradient.jpg Graphic file (type jpg)

<use hog_exemple_gradient.jpg>
Package pdftex.def Info: hog_exemple_gradient.jpg used on input line 257.
(pdftex.def)             Requested size: 96.36073pt x 73.0313pt.

<hog_exemple2.jpg, id=200, 321.2pt x 243.43579pt>
File: hog_exemple2.jpg Graphic file (type jpg)
 <use hog_exemple2.jpg>
Package pdftex.def Info: hog_exemple2.jpg used on input line 258.
(pdftex.def)             Requested size: 96.36073pt x 73.0313pt.

<hog_exemple2_contour.jpg, id=201, 321.2pt x 243.43579pt>
File: hog_exemple2_contour.jpg Graphic file (type jpg)

<use hog_exemple2_contour.jpg>
Package pdftex.def Info: hog_exemple2_contour.jpg used on input line 259.
(pdftex.def)             Requested size: 96.36073pt x 73.0313pt.

<hog_exemple2_gradient.jpg, id=202, 321.2pt x 243.43579pt>
File: hog_exemple2_gradient.jpg Graphic file (type jpg)

<use hog_exemple2_gradient.jpg>
Package pdftex.def Info: hog_exemple2_gradient.jpg used on input line 260.
(pdftex.def)             Requested size: 96.36073pt x 73.0313pt.

Overfull \hbox (15.24637pt too wide) in paragraph at lines 266--266
[]\T1/cmr/bx/n/14.4 Reseaux de neu-rones à convo-lu-tion pré-entrainé 
 []


Overfull \hbox (11.24634pt too wide) in paragraph at lines 268--278
\T1/cmr/m/n/10 mil-lins d'images, contient une mul-ti-tude de classes (ani-maux
,ustensiles,humains,...)
 []

[7

] [8] [9 <./hog.jpg> <./hog_exemple.jpg> <./hog_exemple_contour.jpg> <./hog_exe
mple_gradient.jpg> <./hog_exemple2.jpg> <./hog_exemple2_contour.jpg> <./hog_exe
mple2_gradient.jpg>] [10

]
Chapitre 3.

Underfull \hbox (badness 10000) in paragraph at lines 297--297
[]\T1/cmr/bx/n/10 score de
 []


Underfull \hbox (badness 10000) in paragraph at lines 297--297
[]\T1/cmr/bx/n/10 temps de
 []


Underfull \hbox (badness 10000) in paragraph at lines 297--298
[]\T1/cmr/bx/n/10 temps de
 []


Underfull \hbox (badness 4001) in paragraph at lines 323--323
[]\T1/cmr/m/n/10 linear SVM - L1 pe-nalty -
 []


Overfull \hbox (15.98029pt too wide) in paragraph at lines 295--326
 [] 
 []


Overfull \hbox (15.24637pt too wide) in paragraph at lines 331--331
[]\T1/cmr/bx/n/14.4 Reseaux de neu-rones à convo-lu-tion pré-entrainé 
 []


Underfull \hbox (badness 10000) in paragraph at lines 342--342
[]\T1/cmr/bx/n/10 score de
 []


Underfull \hbox (badness 10000) in paragraph at lines 342--342
[]\T1/cmr/bx/n/10 temps de
 []


Underfull \hbox (badness 10000) in paragraph at lines 342--343
[]\T1/cmr/bx/n/10 temps de
 []


Underfull \hbox (badness 4001) in paragraph at lines 368--368
[]\T1/cmr/m/n/10 linear SVM - L1 pe-nalty -
 []


Overfull \hbox (15.98029pt too wide) in paragraph at lines 340--371
 [] 
 []

[11] [12] (./report.lot)
\tf@lot=\write5
\openout5 = `report.lot'.

 [13


] [14

] (./report.lof)
\tf@lof=\write6
\openout6 = `report.lof'.

 (./report.bbl [15] [16

]
Underfull \hbox (badness 1320) in paragraph at lines 39--42
[]\T1/cmr/m/n/10 Jason Yo-sinski, Jeff Clune, Yo-shua Ben-gio, and Hod Lip-son.

 []

)
Package atveryend Info: Empty hook `BeforeClearDocument' on input line 385.
 [17]
Package atveryend Info: Empty hook `AfterLastShipout' on input line 385.
 (./report.aux)
Package atveryend Info: Executing hook `AtVeryEndDocument' on input line 385.
Package atveryend Info: Executing hook `AtEndAfterFileList' on input line 385.
Package rerunfilecheck Info: File `report.out' has not changed.
(rerunfilecheck)             Checksum: 99FD5E73994633E7EB8AE645152C67D3;980.
Package atveryend Info: Empty hook `AtVeryVeryEnd' on input line 385.
 ) 
Here is how much of TeX's memory you used:
 6849 strings out of 494442
 100808 string characters out of 6165313
 198414 words of memory out of 5000000
 9916 multiletter control sequences out of 15000+600000
 16939 words of font info for 37 fonts, out of 8000000 for 9000
 350 hyphenation exceptions out of 8191
 29i,9n,30p,239b,396s stack positions out of 5000i,500n,10000p,200000b,80000s
pdfTeX warning (dest): name{cite.DBLP\\penalty\040\\@M\040\040:journals/corr/
SermanetEZMFL13} has been referenced but does not exist, replaced by a fixed on
e

pdfTeX warning (dest): name{cite.DBLP\\penalty\040\\@M\040\040:journals/corr/Yo
sinskiCBL14} has been referenced but does not exist, replaced by a fixed one

{/usr/share/texmf/fonts/enc/dvips/cm-super/cm-super-t1.enc}</usr/share/texlive/
texmf-dist/fonts/type1/public/amsfonts/cm/cmmi10.pfb></usr/share/texlive/texmf-
dist/fonts/type1/public/amsfonts/cm/cmr7.pfb></usr/share/texmf/fonts/type1/publ
ic/cm-super/sfbx1000.pfb></usr/share/texmf/fonts/type1/public/cm-super/sfbx1440
.pfb></usr/share/texmf/fonts/type1/public/cm-super/sfbx2074.pfb></usr/share/tex
mf/fonts/type1/public/cm-super/sfbx2488.pfb></usr/share/texmf/fonts/type1/publi
c/cm-super/sfcc1000.pfb></usr/share/texmf/fonts/type1/public/cm-super/sfcc1200.
pfb></usr/share/texmf/fonts/type1/public/cm-super/sfrm1000.pfb></usr/share/texm
f/fonts/type1/public/cm-super/sfrm1200.pfb></usr/share/texmf/fonts/type1/public
/cm-super/sfrm1728.pfb></usr/share/texmf/fonts/type1/public/cm-super/sfsl1000.p
fb></usr/share/texmf/fonts/type1/public/cm-super/sfti1000.pfb>
Output written on report.pdf (23 pages, 791799 bytes).
PDF statistics:
 352 PDF objects out of 1000 (max. 8388607)
 272 compressed objects within 3 object streams
 64 named destinations out of 1000 (max. 500000)
 308 words of extra memory for PDF output out of 10000 (max. 10000000)

